2026-01-20 14:55:12.746	DEBUG	server/RPCServer.go:38	prepare start server	{"port": "8787"}
2026-01-20 14:55:13.747	DEBUG	client/MRPCClient.go:47	添加连接服务	{"ip": "127.0.0.1", "port": 8787}
2026-01-20 14:55:13.747	DEBUG	client/RPCConnect.go:28	准备连接服务	{"ip": "127.0.0.1", "port": 8787}
2026-01-20 14:55:13.747	DEBUG	client/RPCConnect.go:37	服务连接成功
2026-01-20 14:55:13.747	DEBUG	MRpc/main.go:69	==============================================================================================================================================
2026-01-20 14:55:13.749	DEBUG	server/RPCServer.go:63	server:rpc server received request	{"msg": "Js17d6Af88u9acd3211I6Eo37cx3b4h7"}
2026-01-20 14:55:13.749	DEBUG	examples/ServerMsgHandle.go:17	Server: 收到客户端请求	{"sessionId": "Js17d6Af88u9acd3211I6Eo37cx3b4h7", "msgId": 1000, "data": "我是客户端"}
2026-01-20 14:55:13.750	DEBUG	MRpc/main.go:75	收到服务器返回	{"sessionId": "Js17d6Af88u9acd3211I6Eo37cx3b4h7", "msgId": 1000, "data": "我是服务器端返回的数据"}
2026-01-20 14:55:13.750	DEBUG	MRpc/main.go:80	==============================================================================================================================================
2026-01-20 14:55:13.750	DEBUG	client/RPCConnect.go:114	发送RequestMultResp请求	{"sessionId": "o176N8w98JaV95211xQ0fUFw3nkT75l0", "timeout": 120000000000}
2026-01-20 14:55:13.750	DEBUG	sender/SRequestSender.go:19	发送消息	{"sessionId": "o176N8w98JaV95211xQ0fUFw3nkT75l0"}
2026-01-20 14:55:13.750	DEBUG	sender/SRequestSender.go:19	发送消息	{"sessionId": "o176N8w98JaV95211xQ0fUFw3nkT75l0"}
2026-01-20 14:55:13.750	DEBUG	sender/SRequestSender.go:19	发送消息	{"sessionId": "o176N8w98JaV95211xQ0fUFw3nkT75l0"}
2026-01-20 14:55:13.750	DEBUG	server/RPCServer.go:96	server: rpc server received MultRequest
2026-01-20 14:55:13.751	DEBUG	examples/ServerMsgHandle.go:35	Server: 收到客户端请求	{"sessionId": "o176N8w98JaV95211xQ0fUFw3nkT75l0", "msgId": 20001, "data": "我是接口多请求数据1"}
2026-01-20 14:55:13.751	DEBUG	examples/ServerMsgHandle.go:35	Server: 收到客户端请求	{"sessionId": "o176N8w98JaV95211xQ0fUFw3nkT75l0", "msgId": 20002, "data": "我是接口多请求数据2"}
2026-01-20 14:55:13.751	DEBUG	examples/ServerMsgHandle.go:35	Server: 收到客户端请求	{"sessionId": "o176N8w98JaV95211xQ0fUFw3nkT75l0", "msgId": 20003, "data": "我是接口多请求数据3"}
2026-01-20 14:55:13.751	DEBUG	MRpc/main.go:101	MultRequest 收到服务器返回	{"sessionId": "", "msgId": -10000, "data": "我是服务器端 MultiRequest 返回数据"}
2026-01-20 14:55:13.751	DEBUG	MRpc/main.go:107	==============================================================================================================================================
2026-01-20 14:55:13.751	DEBUG	client/RPCConnect.go:77	发送RequestMultResp请求	{"msgId": 30001, "sessionId": "1C3Je47cUGd686L885921x1V3375ay1w", "timeout": 120000000000}
2026-01-20 14:55:13.751	DEBUG	server/RPCServer.go:80	server: server: rpc server received RequestMultResp	{"msg": "1C3Je47cUGd686L885921x1V3375ay1w"}
2026-01-20 14:55:13.751	DEBUG	examples/ServerMsgHandle.go:22	Server: 收到客户端请求	{"sessionId": "1C3Je47cUGd686L885921x1V3375ay1w", "msgId": 30001, "data": "我是一次请求多次回调"}
2026-01-20 14:55:13.751	DEBUG	MRpc/main.go:109	RequestMultResp 收到服务器返回	{"sessionId": "1C3Je47cUGd686L885921x1V3375ay1w", "msgId": 30002, "data": "我是 RequestMultResp 消息ID：30002"}
2026-01-20 14:55:14.751	DEBUG	MRpc/main.go:109	RequestMultResp 收到服务器返回	{"sessionId": "1C3Je47cUGd686L885921x1V3375ay1w", "msgId": 30003, "data": "我是 RequestMultResp 消息ID：30003"}
2026-01-20 14:55:15.752	DEBUG	MRpc/main.go:109	RequestMultResp 收到服务器返回	{"sessionId": "1C3Je47cUGd686L885921x1V3375ay1w", "msgId": 30004, "data": "我是 RequestMultResp 消息ID：30004"}
2026-01-20 14:55:16.753	DEBUG	MRpc/main.go:109	RequestMultResp 收到服务器返回	{"sessionId": "1C3Je47cUGd686L885921x1V3375ay1w", "msgId": 30005, "data": "我是 RequestMultResp 消息ID：30005"}
2026-01-20 14:55:17.753	DEBUG	MRpc/main.go:109	RequestMultResp 收到服务器返回	{"sessionId": "1C3Je47cUGd686L885921x1V3375ay1w", "msgId": 30006, "data": "我是 RequestMultResp 消息ID：30006"}
2026-01-20 14:55:18.754	DEBUG	client/RPCConnect.go:91	RequestMultResp Recv 结束，到了EOF	{"sessionId": "1C3Je47cUGd686L885921x1V3375ay1w"}
2026-01-20 14:55:18.754	DEBUG	MRpc/main.go:118	==============================================================================================================================================
2026-01-20 14:55:18.754	DEBUG	client/RPCConnect.go:135	发送DuplexStream请求	{"sessionId": "1kEGKP7688912Or136187voXV5Ti4iKH", "timeout": 600000000000}
2026-01-20 14:55:18.754	DEBUG	sender/MRequestSender.go:19	发送消息	{"sessionId": "1kEGKP7688912Or136187voXV5Ti4iKH"}
2026-01-20 14:55:18.755	DEBUG	server/RPCServer.go:142	server: rpc server received DuplexStream
2026-01-20 14:55:18.755	DEBUG	examples/ServerMsgHandle.go:42	Server: 收到客户端请求	{"sessionId": "1kEGKP7688912Or136187voXV5Ti4iKH", "msgId": 40001, "data": "这是客户端发送给 DuplexStream 方法的数据 1 "}
2026-01-20 14:55:18.755	DEBUG	MRpc/main.go:120	DuplexStream 收到服务器返回	{"sessionId": "1kEGKP7688912Or136187voXV5Ti4iKH", "msgId": 40001, "data": "我是服务器端回复数据"}
2026-01-20 14:55:19.755	DEBUG	sender/MRequestSender.go:19	发送消息	{"sessionId": "1kEGKP7688912Or136187voXV5Ti4iKH"}
2026-01-20 14:55:19.755	DEBUG	examples/ServerMsgHandle.go:42	Server: 收到客户端请求	{"sessionId": "1kEGKP7688912Or136187voXV5Ti4iKH", "msgId": 40002, "data": "这是客户端发送给 DuplexStream 方法的数据 2 "}
2026-01-20 14:55:19.755	DEBUG	MRpc/main.go:120	DuplexStream 收到服务器返回	{"sessionId": "1kEGKP7688912Or136187voXV5Ti4iKH", "msgId": 40002, "data": "我是服务器端回复数据"}
2026-01-20 14:55:20.755	DEBUG	sender/MRequestSender.go:19	发送消息	{"sessionId": "1kEGKP7688912Or136187voXV5Ti4iKH"}
2026-01-20 14:55:20.756	DEBUG	examples/ServerMsgHandle.go:42	Server: 收到客户端请求	{"sessionId": "1kEGKP7688912Or136187voXV5Ti4iKH", "msgId": 40003, "data": "这是客户端发送给 DuplexStream 方法的数据 3 "}
2026-01-20 14:55:20.756	DEBUG	MRpc/main.go:120	DuplexStream 收到服务器返回	{"sessionId": "1kEGKP7688912Or136187voXV5Ti4iKH", "msgId": 40003, "data": "我是服务器端回复数据"}
2026-01-20 14:55:21.755	DEBUG	sender/MRequestSender.go:28	CloseSend	{"sessionId": "1kEGKP7688912Or136187voXV5Ti4iKH"}
2026-01-20 14:55:21.756	DEBUG	server/RPCServer.go:156	server: rpc server received EOF ,发送确认信息给客户端关闭连接
2026-01-20 14:55:21.758	DEBUG	sender/MRequestSender.go:39	Close关闭	{"sessionId": "1kEGKP7688912Or136187voXV5Ti4iKH"}
